<?xml version="1.0" encoding="UTF-8"?>
<!-- Generated by org.testng.reporters.JUnitXMLReporter -->
<testsuite ignored="0" hostname="LAPTOP-TEEM3UCU" failures="0" tests="4" name="Test" time="26.022" errors="0" timestamp="2022-03-27T11:48:04 IST">
  <testcase classname="pack123.ApplicationHeader" name="verifyReportButton" time="0.347"/>
  <testcase classname="pack123.ApplicationHeader" name="verifyUserTab" time="0.421"/>
  <testcase classname="pack123.TestClass1234" name="test" time="0.001"/>
  <testcase classname="pack123.General" name="test" time="0.001"/>
</testsuite> <!-- Test -->
