<?xml version="1.0" encoding="UTF-8"?>
<testng-results ignored="0" total="4" passed="4" failed="0" skipped="0">
  <reporter-output>
  </reporter-output>
  <suite started-at="2022-03-27T11:47:38 IST" name="Suite123" finished-at="2022-03-27T11:48:04 IST" duration-ms="26022">
    <groups>
    </groups>
    <test started-at="2022-03-27T11:47:38 IST" name="Test" finished-at="2022-03-27T11:48:04 IST" duration-ms="26022">
      <class name="pack123.TestClass1234">
        <test-method is-config="true" signature="beforeClass()[pri:0, instance:pack123.TestClass1234@1139b2f3]" started-at="2022-03-27T11:48:04 IST" name="beforeClass" finished-at="2022-03-27T11:48:04 IST" duration-ms="0" status="PASS">
          <reporter-output>
          </reporter-output>
        </test-method> <!-- beforeClass -->
        <test-method signature="test()[pri:0, instance:pack123.TestClass1234@1139b2f3]" started-at="2022-03-27T11:48:04 IST" name="test" finished-at="2022-03-27T11:48:04 IST" duration-ms="1" status="PASS">
          <reporter-output>
          </reporter-output>
        </test-method> <!-- test -->
        <test-method is-config="true" signature="beforeMethod()[pri:0, instance:pack123.TestClass1234@1139b2f3]" started-at="2022-03-27T11:48:04 IST" name="beforeMethod" finished-at="2022-03-27T11:48:04 IST" duration-ms="0" status="PASS">
          <reporter-output>
          </reporter-output>
        </test-method> <!-- beforeMethod -->
        <test-method is-config="true" signature="afterMethod()[pri:0, instance:pack123.TestClass1234@1139b2f3]" started-at="2022-03-27T11:48:04 IST" name="afterMethod" finished-at="2022-03-27T11:48:04 IST" duration-ms="0" status="PASS">
          <reporter-output>
          </reporter-output>
        </test-method> <!-- afterMethod -->
        <test-method is-config="true" signature="afterClass()[pri:0, instance:pack123.TestClass1234@1139b2f3]" started-at="2022-03-27T11:48:04 IST" name="afterClass" finished-at="2022-03-27T11:48:04 IST" duration-ms="1" status="PASS">
          <reporter-output>
          </reporter-output>
        </test-method> <!-- afterClass -->
      </class> <!-- pack123.TestClass1234 -->
      <class name="pack123.General">
        <test-method is-config="true" signature="beforeClass()[pri:0, instance:pack123.General@7a69b07]" started-at="2022-03-27T11:48:04 IST" name="beforeClass" finished-at="2022-03-27T11:48:04 IST" duration-ms="1" status="PASS">
          <reporter-output>
          </reporter-output>
        </test-method> <!-- beforeClass -->
        <test-method is-config="true" signature="beforeMethod()[pri:0, instance:pack123.General@7a69b07]" started-at="2022-03-27T11:48:04 IST" name="beforeMethod" finished-at="2022-03-27T11:48:04 IST" duration-ms="0" status="PASS">
          <reporter-output>
          </reporter-output>
        </test-method> <!-- beforeMethod -->
        <test-method signature="test()[pri:0, instance:pack123.General@7a69b07]" started-at="2022-03-27T11:48:04 IST" name="test" finished-at="2022-03-27T11:48:04 IST" duration-ms="1" status="PASS">
          <reporter-output>
          </reporter-output>
        </test-method> <!-- test -->
        <test-method is-config="true" signature="afterMethod()[pri:0, instance:pack123.General@7a69b07]" started-at="2022-03-27T11:48:04 IST" name="afterMethod" finished-at="2022-03-27T11:48:04 IST" duration-ms="0" status="PASS">
          <reporter-output>
          </reporter-output>
        </test-method> <!-- afterMethod -->
        <test-method is-config="true" signature="afterClass()[pri:0, instance:pack123.General@7a69b07]" started-at="2022-03-27T11:48:04 IST" name="afterClass" finished-at="2022-03-27T11:48:04 IST" duration-ms="1" status="PASS">
          <reporter-output>
          </reporter-output>
        </test-method> <!-- afterClass -->
      </class> <!-- pack123.General -->
      <class name="pack123.ApplicationHeader">
        <test-method is-config="true" signature="launchBrowser()[pri:0, instance:pack123.ApplicationHeader@48ae9b55]" started-at="2022-03-27T11:47:38 IST" name="launchBrowser" finished-at="2022-03-27T11:47:41 IST" duration-ms="2827" status="PASS">
          <reporter-output>
          </reporter-output>
        </test-method> <!-- launchBrowser -->
        <test-method is-config="true" signature="loginToApplication()[pri:0, instance:pack123.ApplicationHeader@48ae9b55]" started-at="2022-03-27T11:47:41 IST" name="loginToApplication" finished-at="2022-03-27T11:47:52 IST" duration-ms="11070" status="PASS">
          <reporter-output>
          </reporter-output>
        </test-method> <!-- loginToApplication -->
        <test-method signature="verifyReportButton()[pri:0, instance:pack123.ApplicationHeader@48ae9b55]" started-at="2022-03-27T11:47:52 IST" name="verifyReportButton" finished-at="2022-03-27T11:47:53 IST" duration-ms="347" status="PASS">
          <reporter-output>
          </reporter-output>
        </test-method> <!-- verifyReportButton -->
        <test-method is-config="true" signature="logout()[pri:0, instance:pack123.ApplicationHeader@48ae9b55]" started-at="2022-03-27T11:47:53 IST" name="logout" finished-at="2022-03-27T11:47:53 IST" duration-ms="147" status="PASS">
          <reporter-output>
          </reporter-output>
        </test-method> <!-- logout -->
        <test-method is-config="true" signature="loginToApplication()[pri:0, instance:pack123.ApplicationHeader@48ae9b55]" started-at="2022-03-27T11:47:53 IST" name="loginToApplication" finished-at="2022-03-27T11:48:04 IST" duration-ms="10783" status="PASS">
          <reporter-output>
          </reporter-output>
        </test-method> <!-- loginToApplication -->
        <test-method signature="verifyUserTab()[pri:0, instance:pack123.ApplicationHeader@48ae9b55]" started-at="2022-03-27T11:48:04 IST" name="verifyUserTab" finished-at="2022-03-27T11:48:04 IST" duration-ms="421" status="PASS">
          <reporter-output>
          </reporter-output>
        </test-method> <!-- verifyUserTab -->
        <test-method is-config="true" signature="logout()[pri:0, instance:pack123.ApplicationHeader@48ae9b55]" started-at="2022-03-27T11:48:04 IST" name="logout" finished-at="2022-03-27T11:48:04 IST" duration-ms="135" status="PASS">
          <reporter-output>
          </reporter-output>
        </test-method> <!-- logout -->
        <test-method is-config="true" signature="closeBrowser()[pri:0, instance:pack123.ApplicationHeader@48ae9b55]" started-at="2022-03-27T11:48:04 IST" name="closeBrowser" finished-at="2022-03-27T11:48:04 IST" duration-ms="243" status="PASS">
          <reporter-output>
          </reporter-output>
        </test-method> <!-- closeBrowser -->
      </class> <!-- pack123.ApplicationHeader -->
    </test> <!-- Test -->
  </suite> <!-- Suite123 -->
</testng-results>
